-------------------------------------------------------------------------------
Test set: com.hmall.service.impl.ItemServiceImplTest
-------------------------------------------------------------------------------
Tests run: 2, Failures: 0, Errors: 2, Skipped: 0, Time elapsed: 3.134 s <<< FAILURE! - in com.hmall.service.impl.ItemServiceImplTest
testJwt  Time elapsed: 0 s  <<< ERROR!
java.lang.IllegalStateException: Failed to load ApplicationContext
Caused by: org.springframework.beans.factory.UnsatisfiedDependencyException: Error creating bean with name 'addressController' defined in file [E:\heima\hmall\hmall\hm-service\target\classes\com\hmall\controller\AddressController.class]: Unsatisfied dependency expressed through constructor parameter 0; nested exception is org.springframework.beans.factory.UnsatisfiedDependencyException: Error creating bean with name 'addressServiceImpl': Unsatisfied dependency expressed through field 'baseMapper'; nested exception is org.springframework.beans.factory.BeanCreationException: Error creating bean with name 'addressMapper' defined in file [E:\heima\hmall\hmall\hm-service\target\classes\com\hmall\mapper\AddressMapper.class]: Invocation of init method failed; nested exception is java.lang.IllegalArgumentException: Property 'sqlSessionFactory' or 'sqlSessionTemplate' are required
Caused by: org.springframework.beans.factory.UnsatisfiedDependencyException: Error creating bean with name 'addressServiceImpl': Unsatisfied dependency expressed through field 'baseMapper'; nested exception is org.springframework.beans.factory.BeanCreationException: Error creating bean with name 'addressMapper' defined in file [E:\heima\hmall\hmall\hm-service\target\classes\com\hmall\mapper\AddressMapper.class]: Invocation of init method failed; nested exception is java.lang.IllegalArgumentException: Property 'sqlSessionFactory' or 'sqlSessionTemplate' are required
Caused by: org.springframework.beans.factory.BeanCreationException: Error creating bean with name 'addressMapper' defined in file [E:\heima\hmall\hmall\hm-service\target\classes\com\hmall\mapper\AddressMapper.class]: Invocation of init method failed; nested exception is java.lang.IllegalArgumentException: Property 'sqlSessionFactory' or 'sqlSessionTemplate' are required
Caused by: java.lang.IllegalArgumentException: Property 'sqlSessionFactory' or 'sqlSessionTemplate' are required

deductStock  Time elapsed: 0 s  <<< ERROR!
java.lang.IllegalStateException: Failed to load ApplicationContext
Caused by: org.springframework.beans.factory.UnsatisfiedDependencyException: Error creating bean with name 'addressController' defined in file [E:\heima\hmall\hmall\hm-service\target\classes\com\hmall\controller\AddressController.class]: Unsatisfied dependency expressed through constructor parameter 0; nested exception is org.springframework.beans.factory.UnsatisfiedDependencyException: Error creating bean with name 'addressServiceImpl': Unsatisfied dependency expressed through field 'baseMapper'; nested exception is org.springframework.beans.factory.BeanCreationException: Error creating bean with name 'addressMapper' defined in file [E:\heima\hmall\hmall\hm-service\target\classes\com\hmall\mapper\AddressMapper.class]: Invocation of init method failed; nested exception is java.lang.IllegalArgumentException: Property 'sqlSessionFactory' or 'sqlSessionTemplate' are required
Caused by: org.springframework.beans.factory.UnsatisfiedDependencyException: Error creating bean with name 'addressServiceImpl': Unsatisfied dependency expressed through field 'baseMapper'; nested exception is org.springframework.beans.factory.BeanCreationException: Error creating bean with name 'addressMapper' defined in file [E:\heima\hmall\hmall\hm-service\target\classes\com\hmall\mapper\AddressMapper.class]: Invocation of init method failed; nested exception is java.lang.IllegalArgumentException: Property 'sqlSessionFactory' or 'sqlSessionTemplate' are required
Caused by: org.springframework.beans.factory.BeanCreationException: Error creating bean with name 'addressMapper' defined in file [E:\heima\hmall\hmall\hm-service\target\classes\com\hmall\mapper\AddressMapper.class]: Invocation of init method failed; nested exception is java.lang.IllegalArgumentException: Property 'sqlSessionFactory' or 'sqlSessionTemplate' are required
Caused by: java.lang.IllegalArgumentException: Property 'sqlSessionFactory' or 'sqlSessionTemplate' are required

